<?xml version="1.0" encoding="UTF-8"?>
<testng-results skipped="0" failed="0" ignored="0" total="9" passed="9">
  <reporter-output>
  </reporter-output>
  <suite name="Default suite" duration-ms="322999" started-at="2021-01-19T17:55:51 IST" finished-at="2021-01-19T18:01:14 IST">
    <groups>
    </groups>
    <test name="Default test" duration-ms="322999" started-at="2021-01-19T17:55:51 IST" finished-at="2021-01-19T18:01:14 IST">
      <class name="com.w2a.testcases.Truesight_monitoring">
        <test-method status="PASS" signature="pageSetup()[pri:0, instance:com.w2a.testcases.Truesight_monitoring@f79e]" name="pageSetup" is-config="true" duration-ms="9710" started-at="2021-01-19T17:55:42 IST" finished-at="2021-01-19T17:55:51 IST">
          <reporter-output>
          </reporter-output>
        </test-method> <!-- pageSetup -->
        <test-method status="PASS" signature="openTruesight()[pri:1, instance:com.w2a.testcases.Truesight_monitoring@f79e]" name="openTruesight" duration-ms="59479" started-at="2021-01-19T17:55:51 IST" finished-at="2021-01-19T17:56:51 IST">
          <reporter-output>
          </reporter-output>
        </test-method> <!-- openTruesight -->
        <test-method status="PASS" signature="truesight_configurationPage(java.util.Hashtable)[pri:2, instance:com.w2a.testcases.Truesight_monitoring@f79e]" name="truesight_configurationPage" duration-ms="32811" started-at="2021-01-19T17:56:51 IST" data-provider="dp" finished-at="2021-01-19T17:57:24 IST">
          <params>
            <param index="0">
              <value>
                <![CDATA[{AlertKey=, PSLQuery=, servername=dmmlw-ldom-319, Serial=32.0, Hostname=, PSLQuery1=%PSL set("/KIS_Process/BMC~PatrolAgent/CountCheck/value",2);}]]>
              </value>
            </param>
          </params>
          <reporter-output>
          </reporter-output>
        </test-method> <!-- truesight_configurationPage -->
        <test-method status="PASS" signature="truesight_configurationPage(java.util.Hashtable)[pri:2, instance:com.w2a.testcases.Truesight_monitoring@f79e]" name="truesight_configurationPage" duration-ms="32794" started-at="2021-01-19T17:57:24 IST" data-provider="dp" finished-at="2021-01-19T17:57:57 IST">
          <params>
            <param index="0">
              <value>
                <![CDATA[{AlertKey=, PSLQuery=, servername=dmmlw-ldom-320, Serial=33.0, Hostname=, PSLQuery1=%PSL set("/KIS_Process/BMC~PatrolAgent/CountCheck/value",2);}]]>
              </value>
            </param>
          </params>
          <reporter-output>
          </reporter-output>
        </test-method> <!-- truesight_configurationPage -->
        <test-method status="PASS" signature="truesight_configurationPage(java.util.Hashtable)[pri:2, instance:com.w2a.testcases.Truesight_monitoring@f79e]" name="truesight_configurationPage" duration-ms="32774" started-at="2021-01-19T17:57:57 IST" data-provider="dp" finished-at="2021-01-19T17:58:29 IST">
          <params>
            <param index="0">
              <value>
                <![CDATA[{AlertKey=, PSLQuery=, servername=dmbas-ldom-323, Serial=34.0, Hostname=, PSLQuery1=%PSL set("/KIS_Filesystem/tmp/Utilization/value",98);}]]>
              </value>
            </param>
          </params>
          <reporter-output>
          </reporter-output>
        </test-method> <!-- truesight_configurationPage -->
        <test-method status="PASS" signature="truesight_configurationPage(java.util.Hashtable)[pri:2, instance:com.w2a.testcases.Truesight_monitoring@f79e]" name="truesight_configurationPage" duration-ms="32772" started-at="2021-01-19T17:58:29 IST" data-provider="dp" finished-at="2021-01-19T17:59:02 IST">
          <params>
            <param index="0">
              <value>
                <![CDATA[{AlertKey=, PSLQuery=, servername=dmbas-ldom-324, Serial=35.0, Hostname=, PSLQuery1=%PSL set("/KIS_Filesystem/tmp/Utilization/value",98);}]]>
              </value>
            </param>
          </params>
          <reporter-output>
          </reporter-output>
        </test-method> <!-- truesight_configurationPage -->
        <test-method status="PASS" signature="truesight_configurationPage(java.util.Hashtable)[pri:2, instance:com.w2a.testcases.Truesight_monitoring@f79e]" name="truesight_configurationPage" duration-ms="32769" started-at="2021-01-19T17:59:02 IST" data-provider="dp" finished-at="2021-01-19T17:59:35 IST">
          <params>
            <param index="0">
              <value>
                <![CDATA[{AlertKey=, PSLQuery=, servername=dmmlw-ldom-317, Serial=36.0, Hostname=, PSLQuery1=%PSL set("/KIS_Filesystem/tmp/Utilization/value",98);}]]>
              </value>
            </param>
          </params>
          <reporter-output>
          </reporter-output>
        </test-method> <!-- truesight_configurationPage -->
        <test-method status="PASS" signature="truesight_configurationPage(java.util.Hashtable)[pri:2, instance:com.w2a.testcases.Truesight_monitoring@f79e]" name="truesight_configurationPage" duration-ms="32796" started-at="2021-01-19T17:59:35 IST" data-provider="dp" finished-at="2021-01-19T18:00:08 IST">
          <params>
            <param index="0">
              <value>
                <![CDATA[{AlertKey=, PSLQuery=, servername=dmmlw-ldom-318, Serial=37.0, Hostname=, PSLQuery1=%PSL set("/KIS_Filesystem/tmp/Utilization/value",98);}]]>
              </value>
            </param>
          </params>
          <reporter-output>
          </reporter-output>
        </test-method> <!-- truesight_configurationPage -->
        <test-method status="PASS" signature="truesight_configurationPage(java.util.Hashtable)[pri:2, instance:com.w2a.testcases.Truesight_monitoring@f79e]" name="truesight_configurationPage" duration-ms="33956" started-at="2021-01-19T18:00:08 IST" data-provider="dp" finished-at="2021-01-19T18:00:42 IST">
          <params>
            <param index="0">
              <value>
                <![CDATA[{AlertKey=, PSLQuery=, servername=dmbas-ldom-321, Serial=38.0, Hostname=, PSLQuery1=%PSL set("/KIS_Filesystem/tmp/Utilization/value",98);}]]>
              </value>
            </param>
          </params>
          <reporter-output>
          </reporter-output>
        </test-method> <!-- truesight_configurationPage -->
        <test-method status="PASS" signature="truesight_configurationPage(java.util.Hashtable)[pri:2, instance:com.w2a.testcases.Truesight_monitoring@f79e]" name="truesight_configurationPage" duration-ms="32719" started-at="2021-01-19T18:00:42 IST" data-provider="dp" finished-at="2021-01-19T18:01:14 IST">
          <params>
            <param index="0">
              <value>
                <![CDATA[{AlertKey=, PSLQuery=, servername=dmbas-ldom-322, Serial=39.0, Hostname=, PSLQuery1=%PSL set("/KIS_Filesystem/tmp/Utilization/value",98);}]]>
              </value>
            </param>
          </params>
          <reporter-output>
          </reporter-output>
        </test-method> <!-- truesight_configurationPage -->
        <test-method status="PASS" signature="tearDown()[pri:0, instance:com.w2a.testcases.Truesight_monitoring@f79e]" name="tearDown" is-config="true" duration-ms="872" started-at="2021-01-19T18:01:14 IST" finished-at="2021-01-19T18:01:15 IST">
          <reporter-output>
          </reporter-output>
        </test-method> <!-- tearDown -->
      </class> <!-- com.w2a.testcases.Truesight_monitoring -->
    </test> <!-- Default test -->
  </suite> <!-- Default suite -->
</testng-results>
