<?xml version="1.0" encoding="UTF-8"?>
<testng-results skipped="0" failed="0" ignored="0" total="21" passed="21">
  <reporter-output>
  </reporter-output>
  <suite name="Default suite" duration-ms="758712" started-at="2021-01-04T18:39:29 IST" finished-at="2021-01-04T18:52:08 IST">
    <groups>
    </groups>
    <test name="Default test" duration-ms="758712" started-at="2021-01-04T18:39:29 IST" finished-at="2021-01-04T18:52:08 IST">
      <class name="com.w2a.testcases.Truesight_monitoring">
        <test-method status="PASS" signature="pageSetup()[pri:0, instance:com.w2a.testcases.Truesight_monitoring@39bec8]" name="pageSetup" is-config="true" duration-ms="12276" started-at="2021-01-04T18:39:17 IST" finished-at="2021-01-04T18:39:29 IST">
          <reporter-output>
          </reporter-output>
        </test-method> <!-- pageSetup -->
        <test-method status="PASS" signature="openTruesight()[pri:1, instance:com.w2a.testcases.Truesight_monitoring@39bec8]" name="openTruesight" duration-ms="61530" started-at="2021-01-04T18:39:29 IST" finished-at="2021-01-04T18:40:31 IST">
          <reporter-output>
          </reporter-output>
        </test-method> <!-- openTruesight -->
        <test-method status="PASS" signature="truesight_configurationPage(java.util.Hashtable)[pri:2, instance:com.w2a.testcases.Truesight_monitoring@39bec8]" name="truesight_configurationPage" duration-ms="35322" started-at="2021-01-04T18:40:31 IST" data-provider="dp" finished-at="2021-01-04T18:41:06 IST">
          <params>
            <param index="0">
              <value>
                <![CDATA[{AlertKey=, PSLQuery=, servername=bss-sl2-uat-rbm-bfp04, Serial=1.0, Hostname=, PSLQuery1=%PSL set("/NUK_FileSystem/var/Capacity/value",(98));}]]>
              </value>
            </param>
          </params>
          <reporter-output>
          </reporter-output>
        </test-method> <!-- truesight_configurationPage -->
        <test-method status="PASS" signature="truesight_configurationPage(java.util.Hashtable)[pri:2, instance:com.w2a.testcases.Truesight_monitoring@39bec8]" name="truesight_configurationPage" duration-ms="34577" started-at="2021-01-04T18:41:06 IST" data-provider="dp" finished-at="2021-01-04T18:41:41 IST">
          <params>
            <param index="0">
              <value>
                <![CDATA[{AlertKey=, PSLQuery=, servername=bss-sl2-e2e-rbm-bfp04, Serial=2.0, Hostname=, PSLQuery1=%PSL set("/NUK_FileSystem/var/Capacity/value",(98));}]]>
              </value>
            </param>
          </params>
          <reporter-output>
          </reporter-output>
        </test-method> <!-- truesight_configurationPage -->
        <test-method status="PASS" signature="truesight_configurationPage(java.util.Hashtable)[pri:2, instance:com.w2a.testcases.Truesight_monitoring@39bec8]" name="truesight_configurationPage" duration-ms="34791" started-at="2021-01-04T18:41:41 IST" data-provider="dp" finished-at="2021-01-04T18:42:16 IST">
          <params>
            <param index="0">
              <value>
                <![CDATA[{AlertKey=, PSLQuery=, servername=bss-sl2-uat-prt-web41, Serial=3.0, Hostname=, PSLQuery1=%PSL set("/NUK_FileSystem/var/Capacity/value",(98));}]]>
              </value>
            </param>
          </params>
          <reporter-output>
          </reporter-output>
        </test-method> <!-- truesight_configurationPage -->
        <test-method status="PASS" signature="truesight_configurationPage(java.util.Hashtable)[pri:2, instance:com.w2a.testcases.Truesight_monitoring@39bec8]" name="truesight_configurationPage" duration-ms="34938" started-at="2021-01-04T18:42:16 IST" data-provider="dp" finished-at="2021-01-04T18:42:51 IST">
          <params>
            <param index="0">
              <value>
                <![CDATA[{AlertKey=, PSLQuery=, servername=bss-sl2-e2e-rbm-vpa01, Serial=4.0, Hostname=, PSLQuery1=%PSL set("/NUK_FileSystem/var/Capacity/value",(98));}]]>
              </value>
            </param>
          </params>
          <reporter-output>
          </reporter-output>
        </test-method> <!-- truesight_configurationPage -->
        <test-method status="PASS" signature="truesight_configurationPage(java.util.Hashtable)[pri:2, instance:com.w2a.testcases.Truesight_monitoring@39bec8]" name="truesight_configurationPage" duration-ms="34557" started-at="2021-01-04T18:42:51 IST" data-provider="dp" finished-at="2021-01-04T18:43:25 IST">
          <params>
            <param index="0">
              <value>
                <![CDATA[{AlertKey=, PSLQuery=, servername=bss-sl2-uat-prt-web31, Serial=5.0, Hostname=, PSLQuery1=%PSL set("/NUK_FileSystem/var/Capacity/value",(98));}]]>
              </value>
            </param>
          </params>
          <reporter-output>
          </reporter-output>
        </test-method> <!-- truesight_configurationPage -->
        <test-method status="PASS" signature="truesight_configurationPage(java.util.Hashtable)[pri:2, instance:com.w2a.testcases.Truesight_monitoring@39bec8]" name="truesight_configurationPage" duration-ms="34326" started-at="2021-01-04T18:43:25 IST" data-provider="dp" finished-at="2021-01-04T18:43:59 IST">
          <params>
            <param index="0">
              <value>
                <![CDATA[{AlertKey=, PSLQuery=, servername=bss-sl2-e2e-rbm-bfp02, Serial=6.0, Hostname=, PSLQuery1=%PSL set("/NUK_FileSystem/var/Capacity/value",(98));}]]>
              </value>
            </param>
          </params>
          <reporter-output>
          </reporter-output>
        </test-method> <!-- truesight_configurationPage -->
        <test-method status="PASS" signature="truesight_configurationPage(java.util.Hashtable)[pri:2, instance:com.w2a.testcases.Truesight_monitoring@39bec8]" name="truesight_configurationPage" duration-ms="34669" started-at="2021-01-04T18:43:59 IST" data-provider="dp" finished-at="2021-01-04T18:44:34 IST">
          <params>
            <param index="0">
              <value>
                <![CDATA[{AlertKey=, PSLQuery=, servername=gc-test-server, Serial=7.0, Hostname=, PSLQuery1=%PSL set("/NUK_FileSystem/var/Capacity/value",(98));}]]>
              </value>
            </param>
          </params>
          <reporter-output>
          </reporter-output>
        </test-method> <!-- truesight_configurationPage -->
        <test-method status="PASS" signature="truesight_configurationPage(java.util.Hashtable)[pri:2, instance:com.w2a.testcases.Truesight_monitoring@39bec8]" name="truesight_configurationPage" duration-ms="34664" started-at="2021-01-04T18:44:34 IST" data-provider="dp" finished-at="2021-01-04T18:45:09 IST">
          <params>
            <param index="0">
              <value>
                <![CDATA[{AlertKey=, PSLQuery=, servername=bss-sl2-e2e-rbm-bfp02, Serial=8.0, Hostname=, PSLQuery1=%PSL set("/NUK_FileSystem/var/Capacity/value",(98));}]]>
              </value>
            </param>
          </params>
          <reporter-output>
          </reporter-output>
        </test-method> <!-- truesight_configurationPage -->
        <test-method status="PASS" signature="truesight_configurationPage(java.util.Hashtable)[pri:2, instance:com.w2a.testcases.Truesight_monitoring@39bec8]" name="truesight_configurationPage" duration-ms="34813" started-at="2021-01-04T18:45:09 IST" data-provider="dp" finished-at="2021-01-04T18:45:44 IST">
          <params>
            <param index="0">
              <value>
                <![CDATA[{AlertKey=, PSLQuery=, servername=bss-sl2-uat-rbm-vpa02, Serial=9.0, Hostname=, PSLQuery1=%PSL set("/NUK_FileSystem/var/Capacity/value",(98));}]]>
              </value>
            </param>
          </params>
          <reporter-output>
          </reporter-output>
        </test-method> <!-- truesight_configurationPage -->
        <test-method status="PASS" signature="truesight_configurationPage(java.util.Hashtable)[pri:2, instance:com.w2a.testcases.Truesight_monitoring@39bec8]" name="truesight_configurationPage" duration-ms="34587" started-at="2021-01-04T18:45:44 IST" data-provider="dp" finished-at="2021-01-04T18:46:18 IST">
          <params>
            <param index="0">
              <value>
                <![CDATA[{AlertKey=, PSLQuery=, servername=bss-sl2-uat-prt-db02, Serial=10.0, Hostname=, PSLQuery1=%PSL set("/NUK_FileSystem/var/Capacity/value",(98));}]]>
              </value>
            </param>
          </params>
          <reporter-output>
          </reporter-output>
        </test-method> <!-- truesight_configurationPage -->
        <test-method status="PASS" signature="truesight_configurationPage(java.util.Hashtable)[pri:2, instance:com.w2a.testcases.Truesight_monitoring@39bec8]" name="truesight_configurationPage" duration-ms="34988" started-at="2021-01-04T18:46:18 IST" data-provider="dp" finished-at="2021-01-04T18:46:53 IST">
          <params>
            <param index="0">
              <value>
                <![CDATA[{AlertKey=, PSLQuery=, servername=bss-sl2-uat-tom-db01, Serial=11.0, Hostname=, PSLQuery1=%PSL set("/NUK_FileSystem/var/Capacity/value",(98));}]]>
              </value>
            </param>
          </params>
          <reporter-output>
          </reporter-output>
        </test-method> <!-- truesight_configurationPage -->
        <test-method status="PASS" signature="truesight_configurationPage(java.util.Hashtable)[pri:2, instance:com.w2a.testcases.Truesight_monitoring@39bec8]" name="truesight_configurationPage" duration-ms="34388" started-at="2021-01-04T18:46:53 IST" data-provider="dp" finished-at="2021-01-04T18:47:28 IST">
          <params>
            <param index="0">
              <value>
                <![CDATA[{AlertKey=, PSLQuery=, servername=gc-test-server, Serial=12.0, Hostname=, PSLQuery1=%PSL set("/NUK_FileSystem/var/Capacity/value",(98));}]]>
              </value>
            </param>
          </params>
          <reporter-output>
          </reporter-output>
        </test-method> <!-- truesight_configurationPage -->
        <test-method status="PASS" signature="truesight_configurationPage(java.util.Hashtable)[pri:2, instance:com.w2a.testcases.Truesight_monitoring@39bec8]" name="truesight_configurationPage" duration-ms="34469" started-at="2021-01-04T18:47:28 IST" data-provider="dp" finished-at="2021-01-04T18:48:02 IST">
          <params>
            <param index="0">
              <value>
                <![CDATA[{AlertKey=, PSLQuery=, servername=bss-sl2-uat-tom-web01, Serial=13.0, Hostname=, PSLQuery1=%PSL set("/NUK_FileSystem/var/Capacity/value",(98));}]]>
              </value>
            </param>
          </params>
          <reporter-output>
          </reporter-output>
        </test-method> <!-- truesight_configurationPage -->
        <test-method status="PASS" signature="truesight_configurationPage(java.util.Hashtable)[pri:2, instance:com.w2a.testcases.Truesight_monitoring@39bec8]" name="truesight_configurationPage" duration-ms="35008" started-at="2021-01-04T18:48:02 IST" data-provider="dp" finished-at="2021-01-04T18:48:37 IST">
          <params>
            <param index="0">
              <value>
                <![CDATA[{AlertKey=, PSLQuery=, servername=bss-sl2-uat-api-mq03, Serial=14.0, Hostname=, PSLQuery1=%PSL set("/NUK_FileSystem/var/Capacity/value",(98));}]]>
              </value>
            </param>
          </params>
          <reporter-output>
          </reporter-output>
        </test-method> <!-- truesight_configurationPage -->
        <test-method status="PASS" signature="truesight_configurationPage(java.util.Hashtable)[pri:2, instance:com.w2a.testcases.Truesight_monitoring@39bec8]" name="truesight_configurationPage" duration-ms="36719" started-at="2021-01-04T18:48:37 IST" data-provider="dp" finished-at="2021-01-04T18:49:14 IST">
          <params>
            <param index="0">
              <value>
                <![CDATA[{AlertKey=, PSLQuery=, servername=bss-sl2-uat-rbm-vpa01, Serial=15.0, Hostname=, PSLQuery1=%PSL set("/NUK_FileSystem/var/Capacity/value",(98));}]]>
              </value>
            </param>
          </params>
          <reporter-output>
          </reporter-output>
        </test-method> <!-- truesight_configurationPage -->
        <test-method status="PASS" signature="truesight_configurationPage(java.util.Hashtable)[pri:2, instance:com.w2a.testcases.Truesight_monitoring@39bec8]" name="truesight_configurationPage" duration-ms="35111" started-at="2021-01-04T18:49:14 IST" data-provider="dp" finished-at="2021-01-04T18:49:49 IST">
          <params>
            <param index="0">
              <value>
                <![CDATA[{AlertKey=, PSLQuery=, servername=bss-sl2-plm-tom-web01, Serial=16.0, Hostname=, PSLQuery1=%PSL set("/NUK_FileSystem/var/Capacity/value",(98));}]]>
              </value>
            </param>
          </params>
          <reporter-output>
          </reporter-output>
        </test-method> <!-- truesight_configurationPage -->
        <test-method status="PASS" signature="truesight_configurationPage(java.util.Hashtable)[pri:2, instance:com.w2a.testcases.Truesight_monitoring@39bec8]" name="truesight_configurationPage" duration-ms="35121" started-at="2021-01-04T18:49:49 IST" data-provider="dp" finished-at="2021-01-04T18:50:24 IST">
          <params>
            <param index="0">
              <value>
                <![CDATA[{AlertKey=, PSLQuery=, servername=bss-sl2-int-rbm-amm01, Serial=17.0, Hostname=, PSLQuery1=%PSL set("/NUK_FileSystem/var/Capacity/value",(98));}]]>
              </value>
            </param>
          </params>
          <reporter-output>
          </reporter-output>
        </test-method> <!-- truesight_configurationPage -->
        <test-method status="PASS" signature="truesight_configurationPage(java.util.Hashtable)[pri:2, instance:com.w2a.testcases.Truesight_monitoring@39bec8]" name="truesight_configurationPage" duration-ms="34867" started-at="2021-01-04T18:50:24 IST" data-provider="dp" finished-at="2021-01-04T18:50:59 IST">
          <params>
            <param index="0">
              <value>
                <![CDATA[{AlertKey=, PSLQuery=, servername=bss-sl2-int-api-mq01, Serial=18.0, Hostname=, PSLQuery1=%PSL set("/NUK_FileSystem/var/Capacity/value",(98));}]]>
              </value>
            </param>
          </params>
          <reporter-output>
          </reporter-output>
        </test-method> <!-- truesight_configurationPage -->
        <test-method status="PASS" signature="truesight_configurationPage(java.util.Hashtable)[pri:2, instance:com.w2a.testcases.Truesight_monitoring@39bec8]" name="truesight_configurationPage" duration-ms="34385" started-at="2021-01-04T18:50:59 IST" data-provider="dp" finished-at="2021-01-04T18:51:33 IST">
          <params>
            <param index="0">
              <value>
                <![CDATA[{AlertKey=, PSLQuery=, servername=bss-sl2-e2e-rbm-vpa02, Serial=19.0, Hostname=, PSLQuery1=%PSL set("/NUK_FileSystem/var/Capacity/value",(98));}]]>
              </value>
            </param>
          </params>
          <reporter-output>
          </reporter-output>
        </test-method> <!-- truesight_configurationPage -->
        <test-method status="PASS" signature="truesight_configurationPage(java.util.Hashtable)[pri:2, instance:com.w2a.testcases.Truesight_monitoring@39bec8]" name="truesight_configurationPage" duration-ms="34697" started-at="2021-01-04T18:51:33 IST" data-provider="dp" finished-at="2021-01-04T18:52:08 IST">
          <params>
            <param index="0">
              <value>
                <![CDATA[{AlertKey=, PSLQuery=, servername=bss-sl2-uat-api-mq03, Serial=20.0, Hostname=, PSLQuery1=%PSL set("/NUK_FileSystem/var/Capacity/value",(98));}]]>
              </value>
            </param>
          </params>
          <reporter-output>
          </reporter-output>
        </test-method> <!-- truesight_configurationPage -->
        <test-method status="PASS" signature="tearDown()[pri:0, instance:com.w2a.testcases.Truesight_monitoring@39bec8]" name="tearDown" is-config="true" duration-ms="1749" started-at="2021-01-04T18:52:08 IST" finished-at="2021-01-04T18:52:10 IST">
          <reporter-output>
          </reporter-output>
        </test-method> <!-- tearDown -->
      </class> <!-- com.w2a.testcases.Truesight_monitoring -->
    </test> <!-- Default test -->
  </suite> <!-- Default suite -->
</testng-results>
