<?xml version="1.0" encoding="UTF-8"?>
<!-- Generated by org.testng.reporters.JUnitXMLReporter -->
<testsuite hostname="TECHMASST300004" ignored="0" name="Default test" tests="21" failures="0" timestamp="2021-01-04T18:52:08 IST" time="758.712" errors="0">
  <testcase name="openTruesight" time="61.53" classname="com.w2a.testcases.Truesight_monitoring"/>
  <testcase name="truesight_configurationPage" time="35.322" classname="com.w2a.testcases.Truesight_monitoring"/>
  <testcase name="truesight_configurationPage" time="34.577" classname="com.w2a.testcases.Truesight_monitoring"/>
  <testcase name="truesight_configurationPage" time="34.791" classname="com.w2a.testcases.Truesight_monitoring"/>
  <testcase name="truesight_configurationPage" time="34.938" classname="com.w2a.testcases.Truesight_monitoring"/>
  <testcase name="truesight_configurationPage" time="34.557" classname="com.w2a.testcases.Truesight_monitoring"/>
  <testcase name="truesight_configurationPage" time="34.326" classname="com.w2a.testcases.Truesight_monitoring"/>
  <testcase name="truesight_configurationPage" time="34.669" classname="com.w2a.testcases.Truesight_monitoring"/>
  <testcase name="truesight_configurationPage" time="34.664" classname="com.w2a.testcases.Truesight_monitoring"/>
  <testcase name="truesight_configurationPage" time="34.813" classname="com.w2a.testcases.Truesight_monitoring"/>
  <testcase name="truesight_configurationPage" time="34.587" classname="com.w2a.testcases.Truesight_monitoring"/>
  <testcase name="truesight_configurationPage" time="34.988" classname="com.w2a.testcases.Truesight_monitoring"/>
  <testcase name="truesight_configurationPage" time="34.388" classname="com.w2a.testcases.Truesight_monitoring"/>
  <testcase name="truesight_configurationPage" time="34.469" classname="com.w2a.testcases.Truesight_monitoring"/>
  <testcase name="truesight_configurationPage" time="35.008" classname="com.w2a.testcases.Truesight_monitoring"/>
  <testcase name="truesight_configurationPage" time="36.719" classname="com.w2a.testcases.Truesight_monitoring"/>
  <testcase name="truesight_configurationPage" time="35.111" classname="com.w2a.testcases.Truesight_monitoring"/>
  <testcase name="truesight_configurationPage" time="35.121" classname="com.w2a.testcases.Truesight_monitoring"/>
  <testcase name="truesight_configurationPage" time="34.867" classname="com.w2a.testcases.Truesight_monitoring"/>
  <testcase name="truesight_configurationPage" time="34.385" classname="com.w2a.testcases.Truesight_monitoring"/>
  <testcase name="truesight_configurationPage" time="34.697" classname="com.w2a.testcases.Truesight_monitoring"/>
</testsuite> <!-- Default test -->
